<?xml version="1.0" encoding="UTF-8"?>
<!-- Generated by org.testng.reporters.JUnitReportReporter -->
<testsuite hostname="DESKTOP-UNH4CVB" failures="0" tests="1" name="test.Test01" time="13.444" errors="0" timestamp="2024-03-20T19:24:36 CST" skipped="0">
  <testcase classname="test.Test01" name="test01" time="13.444"/>
</testsuite> <!-- test.Test01 -->
